{
"/Users/iliyan/projects/loader/dist/source/path-resolver.js":{"path":"/Users/iliyan/projects/loader/dist/source/path-resolver.js","s":{"1":1,"2":1,"3":1,"4":1,"5":1,"6":0,"7":1,"8":1,"9":1,"10":90,"11":15,"12":75,"13":75,"14":75,"15":75,"16":75,"17":19,"18":19,"19":6,"20":13,"21":11,"22":10,"23":1,"24":1,"25":2,"26":75,"27":75,"28":1},"b":{"1":[1,0],"2":[1,1],"3":[0,1],"4":[1,0],"5":[1,0],"6":[15,75],"7":[6,13],"8":[11,2],"9":[10,1]},"f":{"1":1,"2":1,"3":11,"4":90},"fnMap":{"1":{"name":"(anonymous_1)","line":1,"loc":{"start":{"line":1,"column":1},"end":{"line":1,"column":28}}},"2":{"name":"(anonymous_2)","line":17,"loc":{"start":{"line":17,"column":76},"end":{"line":17,"column":94}}},"3":{"name":"PathResolver","line":21,"loc":{"start":{"line":21,"column":0},"end":{"line":21,"column":24}}},"4":{"name":"(anonymous_4)","line":26,"loc":{"start":{"line":26,"column":17},"end":{"line":26,"column":46}}}},"statementMap":{"1":{"start":{"line":1,"column":0},"end":{"line":69,"column":4}},"2":{"start":{"line":4,"column":4},"end":{"line":4,"column":32}},"3":{"start":{"line":7,"column":4},"end":{"line":9,"column":5}},"4":{"start":{"line":8,"column":8},"end":{"line":8,"column":31}},"5":{"start":{"line":12,"column":4},"end":{"line":14,"column":5},"skip":true},"6":{"start":{"line":13,"column":8},"end":{"line":13,"column":24},"skip":true},"7":{"start":{"line":16,"column":4},"end":{"line":16,"column":32}},"8":{"start":{"line":21,"column":0},"end":{"line":21,"column":26}},"9":{"start":{"line":23,"column":0},"end":{"line":66,"column":2}},"10":{"start":{"line":27,"column":8},"end":{"line":29,"column":9}},"11":{"start":{"line":28,"column":12},"end":{"line":28,"column":30}},"12":{"start":{"line":32,"column":8},"end":{"line":32,"column":44}},"13":{"start":{"line":34,"column":8},"end":{"line":34,"column":31}},"14":{"start":{"line":37,"column":8},"end":{"line":37,"column":52}},"15":{"start":{"line":39,"column":8},"end":{"line":39,"column":56}},"16":{"start":{"line":41,"column":8},"end":{"line":60,"column":9}},"17":{"start":{"line":42,"column":12},"end":{"line":42,"column":52}},"18":{"start":{"line":44,"column":12},"end":{"line":59,"column":13}},"19":{"start":{"line":45,"column":16},"end":{"line":45,"column":25}},"20":{"start":{"line":47,"column":19},"end":{"line":59,"column":13}},"21":{"start":{"line":48,"column":16},"end":{"line":55,"column":17}},"22":{"start":{"line":49,"column":20},"end":{"line":49,"column":46}},"23":{"start":{"line":52,"column":20},"end":{"line":52,"column":79}},"24":{"start":{"line":54,"column":20},"end":{"line":54,"column":26}},"25":{"start":{"line":58,"column":16},"end":{"line":58,"column":49}},"26":{"start":{"line":62,"column":8},"end":{"line":62,"column":41}},"27":{"start":{"line":64,"column":8},"end":{"line":64,"column":37}},"28":{"start":{"line":68,"column":4},"end":{"line":68,"column":24}}},"branchMap":{"1":{"line":7,"type":"if","locations":[{"start":{"line":7,"column":4},"end":{"line":7,"column":4}},{"start":{"line":7,"column":4},"end":{"line":7,"column":4},"skip":true}]},"2":{"line":7,"type":"binary-expr","locations":[{"start":{"line":7,"column":8},"end":{"line":7,"column":34}},{"start":{"line":7,"column":38},"end":{"line":7,"column":44}}]},"3":{"line":12,"type":"if","locations":[{"start":{"line":12,"column":4},"end":{"line":12,"column":4},"skip":true},{"start":{"line":12,"column":4},"end":{"line":12,"column":4},"skip":true}]},"4":{"line":12,"type":"binary-expr","locations":[{"start":{"line":12,"column":8},"end":{"line":12,"column":36},"skip":true},{"start":{"line":12,"column":40},"end":{"line":12,"column":50},"skip":true}]},"5":{"line":17,"type":"cond-expr","locations":[{"start":{"line":17,"column":34},"end":{"line":17,"column":40}},{"start":{"line":17,"column":70},"end":{"line":17,"column":74},"skip":true}]},"6":{"line":27,"type":"if","locations":[{"start":{"line":27,"column":8},"end":{"line":27,"column":8}},{"start":{"line":27,"column":8},"end":{"line":27,"column":8}}]},"7":{"line":44,"type":"if","locations":[{"start":{"line":44,"column":12},"end":{"line":44,"column":12}},{"start":{"line":44,"column":12},"end":{"line":44,"column":12}}]},"8":{"line":47,"type":"if","locations":[{"start":{"line":47,"column":19},"end":{"line":47,"column":19}},{"start":{"line":47,"column":19},"end":{"line":47,"column":19}}]},"9":{"line":48,"type":"if","locations":[{"start":{"line":48,"column":16},"end":{"line":48,"column":16}},{"start":{"line":48,"column":16},"end":{"line":48,"column":16}}]}},"l":{"1":1,"4":1,"7":1,"8":1,"12":1,"13":1,"16":1,"21":1,"23":1,"27":90,"28":15,"32":75,"34":75,"37":75,"39":75,"41":75,"42":19,"44":19,"45":6,"47":13,"48":11,"49":10,"52":1,"54":1,"58":2,"62":75,"64":75,"68":1}},
"/Users/iliyan/projects/loader/dist/source/event-emitter.js":{"path":"/Users/iliyan/projects/loader/dist/source/event-emitter.js","s":{"1":1,"2":1,"3":1,"4":1,"5":1,"6":0,"7":1,"8":1,"9":6,"10":1,"11":7,"12":7,"13":4,"14":4,"15":3,"16":3,"17":2,"18":1,"19":1,"20":12,"21":12,"22":5,"23":4,"24":4,"25":7,"26":1},"b":{"1":[1,0],"2":[1,1],"3":[0,1],"4":[1,0],"5":[1,0],"6":[7,5],"7":[3,1],"8":[2,1],"9":[5,7]},"f":{"1":1,"2":1,"3":6,"4":7,"5":4,"6":12},"fnMap":{"1":{"name":"(anonymous_1)","line":1,"loc":{"start":{"line":1,"column":1},"end":{"line":1,"column":28}}},"2":{"name":"(anonymous_2)","line":17,"loc":{"start":{"line":17,"column":76},"end":{"line":17,"column":94}}},"3":{"name":"EventEmitter","line":21,"loc":{"start":{"line":21,"column":0},"end":{"line":21,"column":24}}},"4":{"name":"(anonymous_4)","line":28,"loc":{"start":{"line":28,"column":8},"end":{"line":28,"column":35}}},"5":{"name":"(anonymous_5)","line":34,"loc":{"start":{"line":34,"column":9},"end":{"line":34,"column":36}}},"6":{"name":"(anonymous_6)","line":50,"loc":{"start":{"line":50,"column":10},"end":{"line":50,"column":33}}}},"statementMap":{"1":{"start":{"line":1,"column":0},"end":{"line":66,"column":4}},"2":{"start":{"line":4,"column":4},"end":{"line":4,"column":32}},"3":{"start":{"line":7,"column":4},"end":{"line":9,"column":5}},"4":{"start":{"line":8,"column":8},"end":{"line":8,"column":31}},"5":{"start":{"line":12,"column":4},"end":{"line":14,"column":5},"skip":true},"6":{"start":{"line":13,"column":8},"end":{"line":13,"column":24},"skip":true},"7":{"start":{"line":16,"column":4},"end":{"line":16,"column":32}},"8":{"start":{"line":21,"column":0},"end":{"line":23,"column":1}},"9":{"start":{"line":22,"column":4},"end":{"line":22,"column":22}},"10":{"start":{"line":25,"column":0},"end":{"line":63,"column":2}},"11":{"start":{"line":29,"column":8},"end":{"line":29,"column":72}},"12":{"start":{"line":31,"column":8},"end":{"line":31,"column":33}},"13":{"start":{"line":35,"column":8},"end":{"line":35,"column":44}},"14":{"start":{"line":37,"column":8},"end":{"line":47,"column":9}},"15":{"start":{"line":38,"column":12},"end":{"line":38,"column":60}},"16":{"start":{"line":40,"column":12},"end":{"line":44,"column":13}},"17":{"start":{"line":41,"column":16},"end":{"line":41,"column":51}},"18":{"start":{"line":43,"column":16},"end":{"line":43,"column":86}},"19":{"start":{"line":46,"column":12},"end":{"line":46,"column":76}},"20":{"start":{"line":51,"column":8},"end":{"line":51,"column":44}},"21":{"start":{"line":53,"column":8},"end":{"line":61,"column":9}},"22":{"start":{"line":54,"column":12},"end":{"line":58,"column":13}},"23":{"start":{"line":55,"column":16},"end":{"line":55,"column":44}},"24":{"start":{"line":57,"column":16},"end":{"line":57,"column":46}},"25":{"start":{"line":60,"column":12},"end":{"line":60,"column":61}},"26":{"start":{"line":65,"column":4},"end":{"line":65,"column":24}}},"branchMap":{"1":{"line":7,"type":"if","locations":[{"start":{"line":7,"column":4},"end":{"line":7,"column":4}},{"start":{"line":7,"column":4},"end":{"line":7,"column":4},"skip":true}]},"2":{"line":7,"type":"binary-expr","locations":[{"start":{"line":7,"column":8},"end":{"line":7,"column":34}},{"start":{"line":7,"column":38},"end":{"line":7,"column":44}}]},"3":{"line":12,"type":"if","locations":[{"start":{"line":12,"column":4},"end":{"line":12,"column":4},"skip":true},{"start":{"line":12,"column":4},"end":{"line":12,"column":4},"skip":true}]},"4":{"line":12,"type":"binary-expr","locations":[{"start":{"line":12,"column":8},"end":{"line":12,"column":36},"skip":true},{"start":{"line":12,"column":40},"end":{"line":12,"column":50},"skip":true}]},"5":{"line":17,"type":"cond-expr","locations":[{"start":{"line":17,"column":34},"end":{"line":17,"column":40}},{"start":{"line":17,"column":70},"end":{"line":17,"column":74},"skip":true}]},"6":{"line":29,"type":"binary-expr","locations":[{"start":{"line":29,"column":46},"end":{"line":29,"column":65}},{"start":{"line":29,"column":69},"end":{"line":29,"column":71}}]},"7":{"line":37,"type":"if","locations":[{"start":{"line":37,"column":8},"end":{"line":37,"column":8}},{"start":{"line":37,"column":8},"end":{"line":37,"column":8}}]},"8":{"line":40,"type":"if","locations":[{"start":{"line":40,"column":12},"end":{"line":40,"column":12}},{"start":{"line":40,"column":12},"end":{"line":40,"column":12}}]},"9":{"line":53,"type":"if","locations":[{"start":{"line":53,"column":8},"end":{"line":53,"column":8}},{"start":{"line":53,"column":8},"end":{"line":53,"column":8}}]}},"l":{"1":1,"4":1,"7":1,"8":1,"12":1,"13":1,"16":1,"21":1,"22":6,"25":1,"29":7,"31":7,"35":4,"37":4,"38":3,"40":3,"41":2,"43":1,"46":1,"51":12,"53":12,"54":5,"55":4,"57":4,"60":7,"65":1}},
"/Users/iliyan/projects/loader/dist/source/config-parser.js":{"path":"/Users/iliyan/projects/loader/dist/source/config-parser.js","s":{"1":1,"2":1,"3":1,"4":1,"5":1,"6":0,"7":1,"8":1,"9":1,"10":10,"11":10,"12":10,"13":10,"14":1,"15":56,"16":56,"17":56,"18":5,"19":49,"20":107,"21":63,"22":63,"23":80,"24":80,"25":80,"26":8,"27":80,"28":10,"29":19,"30":19,"31":5,"32":14,"33":5,"34":42,"35":42,"36":42,"37":42,"38":56,"39":13,"40":13,"41":10,"42":13,"43":1},"b":{"1":[1,0],"2":[1,1],"3":[0,1],"4":[1,0],"5":[1,0],"6":[8,72],"7":[19,0],"8":[5,14],"9":[42,0],"10":[13,43],"11":[10,3]},"f":{"1":1,"2":1,"3":10,"4":56,"5":5,"6":49,"7":107,"8":63,"9":80,"10":10,"11":5,"12":56},"fnMap":{"1":{"name":"(anonymous_1)","line":1,"loc":{"start":{"line":1,"column":1},"end":{"line":1,"column":28}}},"2":{"name":"(anonymous_2)","line":17,"loc":{"start":{"line":17,"column":76},"end":{"line":17,"column":94}}},"3":{"name":"ConfigParser","line":23,"loc":{"start":{"line":23,"column":0},"end":{"line":23,"column":30}}},"4":{"name":"(anonymous_4)","line":34,"loc":{"start":{"line":34,"column":15},"end":{"line":34,"column":33}}},"5":{"name":"(anonymous_5)","line":42,"loc":{"start":{"line":42,"column":15},"end":{"line":42,"column":26}}},"6":{"name":"(anonymous_6)","line":46,"loc":{"start":{"line":46,"column":27},"end":{"line":46,"column":39}}},"7":{"name":"(anonymous_7)","line":50,"loc":{"start":{"line":50,"column":16},"end":{"line":50,"column":28}}},"8":{"name":"(anonymous_8)","line":54,"loc":{"start":{"line":54,"column":29},"end":{"line":54,"column":46}}},"9":{"name":"(anonymous_9)","line":64,"loc":{"start":{"line":64,"column":22},"end":{"line":64,"column":33}}},"10":{"name":"(anonymous_10)","line":72,"loc":{"start":{"line":72,"column":18},"end":{"line":72,"column":36}}},"11":{"name":"(anonymous_11)","line":85,"loc":{"start":{"line":85,"column":19},"end":{"line":85,"column":38}}},"12":{"name":"(anonymous_12)","line":98,"loc":{"start":{"line":98,"column":32},"end":{"line":98,"column":50}}}},"statementMap":{"1":{"start":{"line":1,"column":0},"end":{"line":113,"column":4}},"2":{"start":{"line":4,"column":4},"end":{"line":4,"column":32}},"3":{"start":{"line":7,"column":4},"end":{"line":9,"column":5}},"4":{"start":{"line":8,"column":8},"end":{"line":8,"column":31}},"5":{"start":{"line":12,"column":4},"end":{"line":14,"column":5},"skip":true},"6":{"start":{"line":13,"column":8},"end":{"line":13,"column":24},"skip":true},"7":{"start":{"line":16,"column":4},"end":{"line":16,"column":32}},"8":{"start":{"line":21,"column":0},"end":{"line":21,"column":53}},"9":{"start":{"line":23,"column":0},"end":{"line":29,"column":1}},"10":{"start":{"line":24,"column":4},"end":{"line":24,"column":22}},"11":{"start":{"line":25,"column":4},"end":{"line":25,"column":23}},"12":{"start":{"line":26,"column":4},"end":{"line":26,"column":34}},"13":{"start":{"line":28,"column":4},"end":{"line":28,"column":30}},"14":{"start":{"line":31,"column":0},"end":{"line":110,"column":2}},"15":{"start":{"line":35,"column":8},"end":{"line":35,"column":44}},"16":{"start":{"line":37,"column":8},"end":{"line":37,"column":45}},"17":{"start":{"line":39,"column":8},"end":{"line":39,"column":48}},"18":{"start":{"line":43,"column":8},"end":{"line":43,"column":28}},"19":{"start":{"line":47,"column":8},"end":{"line":47,"column":40}},"20":{"start":{"line":51,"column":8},"end":{"line":51,"column":29}},"21":{"start":{"line":55,"column":8},"end":{"line":55,"column":47}},"22":{"start":{"line":57,"column":8},"end":{"line":61,"column":9}},"23":{"start":{"line":58,"column":12},"end":{"line":58,"column":103}},"24":{"start":{"line":60,"column":12},"end":{"line":60,"column":49}},"25":{"start":{"line":65,"column":8},"end":{"line":67,"column":9}},"26":{"start":{"line":66,"column":12},"end":{"line":66,"column":59}},"27":{"start":{"line":69,"column":8},"end":{"line":69,"column":34}},"28":{"start":{"line":73,"column":8},"end":{"line":82,"column":9}},"29":{"start":{"line":75,"column":12},"end":{"line":81,"column":13}},"30":{"start":{"line":76,"column":16},"end":{"line":80,"column":17}},"31":{"start":{"line":77,"column":20},"end":{"line":77,"column":52}},"32":{"start":{"line":79,"column":20},"end":{"line":79,"column":52}},"33":{"start":{"line":86,"column":8},"end":{"line":95,"column":9}},"34":{"start":{"line":88,"column":12},"end":{"line":94,"column":13}},"35":{"start":{"line":89,"column":16},"end":{"line":89,"column":42}},"36":{"start":{"line":91,"column":16},"end":{"line":91,"column":34}},"37":{"start":{"line":93,"column":16},"end":{"line":93,"column":39}},"38":{"start":{"line":100,"column":8},"end":{"line":108,"column":9}},"39":{"start":{"line":101,"column":12},"end":{"line":101,"column":85}},"40":{"start":{"line":103,"column":12},"end":{"line":105,"column":13}},"41":{"start":{"line":104,"column":16},"end":{"line":104,"column":90}},"42":{"start":{"line":107,"column":12},"end":{"line":107,"column":46}},"43":{"start":{"line":112,"column":4},"end":{"line":112,"column":24}}},"branchMap":{"1":{"line":7,"type":"if","locations":[{"start":{"line":7,"column":4},"end":{"line":7,"column":4}},{"start":{"line":7,"column":4},"end":{"line":7,"column":4},"skip":true}]},"2":{"line":7,"type":"binary-expr","locations":[{"start":{"line":7,"column":8},"end":{"line":7,"column":34}},{"start":{"line":7,"column":38},"end":{"line":7,"column":44}}]},"3":{"line":12,"type":"if","locations":[{"start":{"line":12,"column":4},"end":{"line":12,"column":4},"skip":true},{"start":{"line":12,"column":4},"end":{"line":12,"column":4},"skip":true}]},"4":{"line":12,"type":"binary-expr","locations":[{"start":{"line":12,"column":8},"end":{"line":12,"column":36},"skip":true},{"start":{"line":12,"column":40},"end":{"line":12,"column":50},"skip":true}]},"5":{"line":17,"type":"cond-expr","locations":[{"start":{"line":17,"column":34},"end":{"line":17,"column":40}},{"start":{"line":17,"column":70},"end":{"line":17,"column":74},"skip":true}]},"6":{"line":65,"type":"if","locations":[{"start":{"line":65,"column":8},"end":{"line":65,"column":8}},{"start":{"line":65,"column":8},"end":{"line":65,"column":8}}]},"7":{"line":75,"type":"if","locations":[{"start":{"line":75,"column":12},"end":{"line":75,"column":12}},{"start":{"line":75,"column":12},"end":{"line":75,"column":12},"skip":true}]},"8":{"line":76,"type":"if","locations":[{"start":{"line":76,"column":16},"end":{"line":76,"column":16}},{"start":{"line":76,"column":16},"end":{"line":76,"column":16}}]},"9":{"line":88,"type":"if","locations":[{"start":{"line":88,"column":12},"end":{"line":88,"column":12}},{"start":{"line":88,"column":12},"end":{"line":88,"column":12},"skip":true}]},"10":{"line":100,"type":"if","locations":[{"start":{"line":100,"column":8},"end":{"line":100,"column":8}},{"start":{"line":100,"column":8},"end":{"line":100,"column":8}}]},"11":{"line":103,"type":"if","locations":[{"start":{"line":103,"column":12},"end":{"line":103,"column":12}},{"start":{"line":103,"column":12},"end":{"line":103,"column":12}}]}},"l":{"1":1,"4":1,"7":1,"8":1,"12":1,"13":1,"16":1,"21":1,"23":1,"24":10,"25":10,"26":10,"28":10,"31":1,"35":56,"37":56,"39":56,"43":5,"47":49,"51":107,"55":63,"57":63,"58":80,"60":80,"65":80,"66":8,"69":80,"73":10,"75":19,"76":19,"77":5,"79":14,"86":5,"88":42,"89":42,"91":42,"93":42,"100":56,"101":13,"103":13,"104":10,"107":13,"112":1}},
"/Users/iliyan/projects/loader/dist/source/dependency-builder.js":{"path":"/Users/iliyan/projects/loader/dist/source/dependency-builder.js","s":{"1":1,"2":1,"3":1,"4":1,"5":1,"6":0,"7":1,"8":1,"9":1,"10":9,"11":9,"12":1,"13":12,"14":12,"15":12,"16":12,"17":10,"18":12,"19":10,"20":12,"21":12,"22":84,"23":84,"24":84,"25":84,"26":84,"27":12,"28":12,"29":47,"30":47,"31":5,"32":5,"33":6,"34":6,"35":4,"36":5,"37":12,"38":12,"39":17,"40":17,"41":16,"42":6,"43":1,"44":5,"45":49,"46":2,"47":47,"48":47,"49":37,"50":37,"51":37,"52":39,"53":39,"54":6,"55":33,"56":33,"57":33,"58":33,"59":33,"60":1},"b":{"1":[1,0],"2":[1,1],"3":[0,1],"4":[1,0],"5":[1,0],"6":[84,0],"7":[5,42],"8":[47,6],"9":[4,2],"10":[6,6],"11":[16,1],"12":[1,5],"13":[2,47],"14":[37,10],"15":[6,33]},"f":{"1":1,"2":1,"3":9,"4":12,"5":12,"6":47,"7":12,"8":6,"9":49},"fnMap":{"1":{"name":"(anonymous_1)","line":1,"loc":{"start":{"line":1,"column":1},"end":{"line":1,"column":28}}},"2":{"name":"(anonymous_2)","line":17,"loc":{"start":{"line":17,"column":76},"end":{"line":17,"column":94}}},"3":{"name":"DependencyBuilder","line":23,"loc":{"start":{"line":23,"column":0},"end":{"line":23,"column":41}}},"4":{"name":"(anonymous_4)","line":32,"loc":{"start":{"line":32,"column":25},"end":{"line":32,"column":44}}},"5":{"name":"(anonymous_5)","line":53,"loc":{"start":{"line":53,"column":14},"end":{"line":53,"column":26}}},"6":{"name":"(anonymous_6)","line":73,"loc":{"start":{"line":73,"column":32},"end":{"line":73,"column":50}}},"7":{"name":"(anonymous_7)","line":94,"loc":{"start":{"line":94,"column":26},"end":{"line":94,"column":38}}},"8":{"name":"(anonymous_8)","line":108,"loc":{"start":{"line":108,"column":28},"end":{"line":108,"column":52}}},"9":{"name":"(anonymous_9)","line":116,"loc":{"start":{"line":116,"column":12},"end":{"line":116,"column":30}}}},"statementMap":{"1":{"start":{"line":1,"column":0},"end":{"line":153,"column":4}},"2":{"start":{"line":4,"column":4},"end":{"line":4,"column":32}},"3":{"start":{"line":7,"column":4},"end":{"line":9,"column":5}},"4":{"start":{"line":8,"column":8},"end":{"line":8,"column":31}},"5":{"start":{"line":12,"column":4},"end":{"line":14,"column":5},"skip":true},"6":{"start":{"line":13,"column":8},"end":{"line":13,"column":24},"skip":true},"7":{"start":{"line":16,"column":4},"end":{"line":16,"column":37}},"8":{"start":{"line":21,"column":0},"end":{"line":21,"column":53}},"9":{"start":{"line":23,"column":0},"end":{"line":27,"column":1}},"10":{"start":{"line":24,"column":4},"end":{"line":24,"column":38}},"11":{"start":{"line":26,"column":4},"end":{"line":26,"column":22}},"12":{"start":{"line":29,"column":0},"end":{"line":150,"column":2}},"13":{"start":{"line":35,"column":8},"end":{"line":35,"column":39}},"14":{"start":{"line":37,"column":8},"end":{"line":37,"column":19}},"15":{"start":{"line":39,"column":8},"end":{"line":48,"column":9}},"16":{"start":{"line":40,"column":12},"end":{"line":40,"column":40}},"17":{"start":{"line":44,"column":12},"end":{"line":44,"column":53}},"18":{"start":{"line":47,"column":12},"end":{"line":47,"column":28}},"19":{"start":{"line":50,"column":8},"end":{"line":50,"column":22}},"20":{"start":{"line":54,"column":8},"end":{"line":54,"column":54}},"21":{"start":{"line":58,"column":8},"end":{"line":67,"column":9}},"22":{"start":{"line":60,"column":12},"end":{"line":66,"column":13}},"23":{"start":{"line":61,"column":16},"end":{"line":61,"column":42}},"24":{"start":{"line":63,"column":16},"end":{"line":63,"column":47}},"25":{"start":{"line":64,"column":16},"end":{"line":64,"column":36}},"26":{"start":{"line":65,"column":16},"end":{"line":65,"column":39}},"27":{"start":{"line":69,"column":8},"end":{"line":69,"column":31}},"28":{"start":{"line":70,"column":8},"end":{"line":70,"column":32}},"29":{"start":{"line":74,"column":8},"end":{"line":74,"column":89}},"30":{"start":{"line":78,"column":8},"end":{"line":91,"column":9}},"31":{"start":{"line":79,"column":12},"end":{"line":79,"column":58}},"32":{"start":{"line":81,"column":12},"end":{"line":88,"column":13}},"33":{"start":{"line":82,"column":16},"end":{"line":82,"column":71}},"34":{"start":{"line":84,"column":16},"end":{"line":87,"column":17}},"35":{"start":{"line":86,"column":20},"end":{"line":86,"column":61}},"36":{"start":{"line":90,"column":12},"end":{"line":90,"column":42}},"37":{"start":{"line":97,"column":8},"end":{"line":97,"column":54}},"38":{"start":{"line":99,"column":8},"end":{"line":105,"column":9}},"39":{"start":{"line":100,"column":12},"end":{"line":100,"column":49}},"40":{"start":{"line":102,"column":12},"end":{"line":104,"column":13}},"41":{"start":{"line":103,"column":16},"end":{"line":103,"column":36}},"42":{"start":{"line":109,"column":8},"end":{"line":113,"column":9}},"43":{"start":{"line":110,"column":12},"end":{"line":110,"column":34}},"44":{"start":{"line":112,"column":12},"end":{"line":112,"column":54}},"45":{"start":{"line":119,"column":8},"end":{"line":121,"column":9}},"46":{"start":{"line":120,"column":12},"end":{"line":120,"column":140}},"47":{"start":{"line":124,"column":8},"end":{"line":124,"column":48}},"48":{"start":{"line":126,"column":8},"end":{"line":148,"column":9}},"49":{"start":{"line":127,"column":12},"end":{"line":127,"column":34}},"50":{"start":{"line":129,"column":12},"end":{"line":129,"column":58}},"51":{"start":{"line":131,"column":12},"end":{"line":141,"column":13}},"52":{"start":{"line":132,"column":16},"end":{"line":132,"column":60}},"53":{"start":{"line":134,"column":16},"end":{"line":136,"column":17}},"54":{"start":{"line":135,"column":20},"end":{"line":135,"column":29}},"55":{"start":{"line":138,"column":16},"end":{"line":138,"column":63}},"56":{"start":{"line":140,"column":16},"end":{"line":140,"column":55}},"57":{"start":{"line":143,"column":12},"end":{"line":143,"column":31}},"58":{"start":{"line":145,"column":12},"end":{"line":145,"column":35}},"59":{"start":{"line":147,"column":12},"end":{"line":147,"column":46}},"60":{"start":{"line":152,"column":4},"end":{"line":152,"column":29}}},"branchMap":{"1":{"line":7,"type":"if","locations":[{"start":{"line":7,"column":4},"end":{"line":7,"column":4}},{"start":{"line":7,"column":4},"end":{"line":7,"column":4},"skip":true}]},"2":{"line":7,"type":"binary-expr","locations":[{"start":{"line":7,"column":8},"end":{"line":7,"column":34}},{"start":{"line":7,"column":38},"end":{"line":7,"column":44}}]},"3":{"line":12,"type":"if","locations":[{"start":{"line":12,"column":4},"end":{"line":12,"column":4},"skip":true},{"start":{"line":12,"column":4},"end":{"line":12,"column":4},"skip":true}]},"4":{"line":12,"type":"binary-expr","locations":[{"start":{"line":12,"column":8},"end":{"line":12,"column":36},"skip":true},{"start":{"line":12,"column":40},"end":{"line":12,"column":50},"skip":true}]},"5":{"line":17,"type":"cond-expr","locations":[{"start":{"line":17,"column":34},"end":{"line":17,"column":40}},{"start":{"line":17,"column":70},"end":{"line":17,"column":74},"skip":true}]},"6":{"line":60,"type":"if","locations":[{"start":{"line":60,"column":12},"end":{"line":60,"column":12}},{"start":{"line":60,"column":12},"end":{"line":60,"column":12},"skip":true}]},"7":{"line":78,"type":"if","locations":[{"start":{"line":78,"column":8},"end":{"line":78,"column":8}},{"start":{"line":78,"column":8},"end":{"line":78,"column":8}}]},"8":{"line":78,"type":"binary-expr","locations":[{"start":{"line":78,"column":12},"end":{"line":78,"column":30}},{"start":{"line":78,"column":34},"end":{"line":78,"column":57}}]},"9":{"line":84,"type":"if","locations":[{"start":{"line":84,"column":16},"end":{"line":84,"column":16}},{"start":{"line":84,"column":16},"end":{"line":84,"column":16}}]},"10":{"line":84,"type":"binary-expr","locations":[{"start":{"line":84,"column":20},"end":{"line":84,"column":70}},{"start":{"line":84,"column":74},"end":{"line":84,"column":135}}]},"11":{"line":102,"type":"if","locations":[{"start":{"line":102,"column":12},"end":{"line":102,"column":12}},{"start":{"line":102,"column":12},"end":{"line":102,"column":12}}]},"12":{"line":109,"type":"if","locations":[{"start":{"line":109,"column":8},"end":{"line":109,"column":8}},{"start":{"line":109,"column":8},"end":{"line":109,"column":8}}]},"13":{"line":119,"type":"if","locations":[{"start":{"line":119,"column":8},"end":{"line":119,"column":8}},{"start":{"line":119,"column":8},"end":{"line":119,"column":8}}]},"14":{"line":126,"type":"if","locations":[{"start":{"line":126,"column":8},"end":{"line":126,"column":8}},{"start":{"line":126,"column":8},"end":{"line":126,"column":8}}]},"15":{"line":134,"type":"if","locations":[{"start":{"line":134,"column":16},"end":{"line":134,"column":16}},{"start":{"line":134,"column":16},"end":{"line":134,"column":16}}]}},"l":{"1":1,"4":1,"7":1,"8":1,"12":1,"13":1,"16":1,"21":1,"23":1,"24":9,"26":9,"29":1,"35":12,"37":12,"39":12,"40":12,"44":10,"47":12,"50":10,"54":12,"58":12,"60":84,"61":84,"63":84,"64":84,"65":84,"69":12,"70":12,"74":47,"78":47,"79":5,"81":5,"82":6,"84":6,"86":4,"90":5,"97":12,"99":12,"100":17,"102":17,"103":16,"109":6,"110":1,"112":5,"119":49,"120":2,"124":47,"126":47,"127":37,"129":37,"131":37,"132":39,"134":39,"135":6,"138":33,"140":33,"143":33,"145":33,"147":33,"152":1}},
"/Users/iliyan/projects/loader/dist/source/url-builder.js":{"path":"/Users/iliyan/projects/loader/dist/source/url-builder.js","s":{"1":1,"2":1,"3":1,"4":1,"5":1,"6":0,"7":1,"8":1,"9":4,"10":1,"11":5,"12":5,"13":5,"14":5,"15":5,"16":5,"17":3,"18":5,"19":8,"20":8,"21":1,"22":7,"23":6,"24":1,"25":8,"26":5,"27":1,"28":1,"29":5,"30":7,"31":2,"32":5,"33":4,"34":1,"35":1},"b":{"1":[1,0],"2":[1,1],"3":[0,1],"4":[1,0],"5":[1,0],"6":[3,2],"7":[1,7],"8":[6,1],"9":[1,4],"10":[2,5],"11":[4,1]},"f":{"1":1,"2":1,"3":4,"4":5,"5":7},"fnMap":{"1":{"name":"(anonymous_1)","line":1,"loc":{"start":{"line":1,"column":1},"end":{"line":1,"column":28}}},"2":{"name":"(anonymous_2)","line":17,"loc":{"start":{"line":17,"column":76},"end":{"line":17,"column":94}}},"3":{"name":"URLBuilder","line":21,"loc":{"start":{"line":21,"column":0},"end":{"line":21,"column":34}}},"4":{"name":"(anonymous_4)","line":28,"loc":{"start":{"line":28,"column":11},"end":{"line":28,"column":35}}},"5":{"name":"(anonymous_5)","line":72,"loc":{"start":{"line":72,"column":20},"end":{"line":72,"column":37}}}},"statementMap":{"1":{"start":{"line":1,"column":0},"end":{"line":86,"column":4}},"2":{"start":{"line":4,"column":4},"end":{"line":4,"column":32}},"3":{"start":{"line":7,"column":4},"end":{"line":9,"column":5}},"4":{"start":{"line":8,"column":8},"end":{"line":8,"column":31}},"5":{"start":{"line":12,"column":4},"end":{"line":14,"column":5},"skip":true},"6":{"start":{"line":13,"column":8},"end":{"line":13,"column":24},"skip":true},"7":{"start":{"line":16,"column":4},"end":{"line":16,"column":30}},"8":{"start":{"line":21,"column":0},"end":{"line":23,"column":1}},"9":{"start":{"line":22,"column":4},"end":{"line":22,"column":38}},"10":{"start":{"line":25,"column":0},"end":{"line":83,"column":2}},"11":{"start":{"line":29,"column":8},"end":{"line":29,"column":24}},"12":{"start":{"line":30,"column":8},"end":{"line":30,"column":24}},"13":{"start":{"line":32,"column":8},"end":{"line":32,"column":54}},"14":{"start":{"line":33,"column":8},"end":{"line":33,"column":52}},"15":{"start":{"line":35,"column":8},"end":{"line":35,"column":39}},"16":{"start":{"line":38,"column":8},"end":{"line":40,"column":9}},"17":{"start":{"line":39,"column":12},"end":{"line":39,"column":28}},"18":{"start":{"line":42,"column":8},"end":{"line":60,"column":9}},"19":{"start":{"line":43,"column":12},"end":{"line":43,"column":50}},"20":{"start":{"line":46,"column":12},"end":{"line":57,"column":13}},"21":{"start":{"line":47,"column":16},"end":{"line":47,"column":45}},"22":{"start":{"line":50,"column":19},"end":{"line":57,"column":13}},"23":{"start":{"line":51,"column":16},"end":{"line":51,"column":81}},"24":{"start":{"line":56,"column":16},"end":{"line":56,"column":57}},"25":{"start":{"line":59,"column":12},"end":{"line":59,"column":31}},"26":{"start":{"line":63,"column":8},"end":{"line":67,"column":9}},"27":{"start":{"line":64,"column":12},"end":{"line":64,"column":83}},"28":{"start":{"line":66,"column":12},"end":{"line":66,"column":30}},"29":{"start":{"line":69,"column":8},"end":{"line":69,"column":22}},"30":{"start":{"line":73,"column":8},"end":{"line":81,"column":9}},"31":{"start":{"line":74,"column":12},"end":{"line":74,"column":31}},"32":{"start":{"line":76,"column":15},"end":{"line":81,"column":9}},"33":{"start":{"line":77,"column":12},"end":{"line":77,"column":39}},"34":{"start":{"line":80,"column":12},"end":{"line":80,"column":31}},"35":{"start":{"line":85,"column":4},"end":{"line":85,"column":22}}},"branchMap":{"1":{"line":7,"type":"if","locations":[{"start":{"line":7,"column":4},"end":{"line":7,"column":4}},{"start":{"line":7,"column":4},"end":{"line":7,"column":4},"skip":true}]},"2":{"line":7,"type":"binary-expr","locations":[{"start":{"line":7,"column":8},"end":{"line":7,"column":34}},{"start":{"line":7,"column":38},"end":{"line":7,"column":44}}]},"3":{"line":12,"type":"if","locations":[{"start":{"line":12,"column":4},"end":{"line":12,"column":4},"skip":true},{"start":{"line":12,"column":4},"end":{"line":12,"column":4},"skip":true}]},"4":{"line":12,"type":"binary-expr","locations":[{"start":{"line":12,"column":8},"end":{"line":12,"column":36},"skip":true},{"start":{"line":12,"column":40},"end":{"line":12,"column":50},"skip":true}]},"5":{"line":17,"type":"cond-expr","locations":[{"start":{"line":17,"column":34},"end":{"line":17,"column":40}},{"start":{"line":17,"column":70},"end":{"line":17,"column":74},"skip":true}]},"6":{"line":38,"type":"if","locations":[{"start":{"line":38,"column":8},"end":{"line":38,"column":8}},{"start":{"line":38,"column":8},"end":{"line":38,"column":8},"skip":true}]},"7":{"line":46,"type":"if","locations":[{"start":{"line":46,"column":12},"end":{"line":46,"column":12}},{"start":{"line":46,"column":12},"end":{"line":46,"column":12}}]},"8":{"line":50,"type":"if","locations":[{"start":{"line":50,"column":19},"end":{"line":50,"column":19}},{"start":{"line":50,"column":19},"end":{"line":50,"column":19}}]},"9":{"line":63,"type":"if","locations":[{"start":{"line":63,"column":8},"end":{"line":63,"column":8}},{"start":{"line":63,"column":8},"end":{"line":63,"column":8}}]},"10":{"line":73,"type":"if","locations":[{"start":{"line":73,"column":8},"end":{"line":73,"column":8}},{"start":{"line":73,"column":8},"end":{"line":73,"column":8}}]},"11":{"line":76,"type":"if","locations":[{"start":{"line":76,"column":15},"end":{"line":76,"column":15}},{"start":{"line":76,"column":15},"end":{"line":76,"column":15}}]}},"l":{"1":1,"4":1,"7":1,"8":1,"12":1,"13":1,"16":1,"21":1,"22":4,"25":1,"29":5,"30":5,"32":5,"33":5,"35":5,"38":5,"39":3,"42":5,"43":8,"46":8,"47":1,"50":7,"51":6,"56":1,"59":8,"63":5,"64":1,"66":1,"69":5,"73":7,"74":2,"76":5,"77":4,"80":1,"85":1}},
"/Users/iliyan/projects/loader/dist/source/script-loader.js":{"path":"/Users/iliyan/projects/loader/dist/source/script-loader.js","s":{"1":1,"2":1,"3":1,"4":1,"5":1,"6":0,"7":1,"8":1,"9":1,"10":1,"11":1,"12":1,"13":1,"14":7,"15":7,"16":7,"17":7,"18":7,"19":7,"20":7,"21":7,"22":6,"23":6,"24":6,"25":0,"26":0,"27":1,"28":1,"29":5,"30":5,"31":5,"32":5,"33":5,"34":5,"35":3,"36":3,"37":3,"38":2,"39":2,"40":4,"41":2,"42":2,"43":2,"44":2,"45":2,"46":5,"47":5,"48":4,"49":4,"50":3,"51":1,"52":1,"53":4,"54":4,"55":4,"56":6,"57":6,"58":4,"59":7,"60":7,"61":7,"62":7,"63":10,"64":10,"65":6,"66":4,"67":4,"68":1,"69":3,"70":3,"71":0,"72":0,"73":6,"74":42,"75":1,"76":42,"77":5,"78":1,"79":5,"80":2,"81":1,"82":2,"83":4,"84":4,"85":4,"86":8,"87":8,"88":0,"89":4,"90":5,"91":5,"92":5,"93":9,"94":9,"95":4,"96":5,"97":5,"98":5,"99":5,"100":5,"101":2,"102":2,"103":2,"104":4,"105":2,"106":1,"107":1,"108":1,"109":3,"110":3,"111":0,"112":6,"113":6,"114":6,"115":6,"116":6,"117":9,"118":9,"119":9,"120":6,"121":6,"122":3,"123":3,"124":3,"125":6,"126":6,"127":6,"128":6,"129":6,"130":5,"131":5,"132":5,"133":5,"134":5,"135":5,"136":7,"137":5,"138":5,"139":5,"140":0,"141":4,"142":4,"143":4,"144":4,"145":4,"146":3,"147":3,"148":3,"149":4,"150":1,"151":1,"152":4,"153":0,"154":0,"155":0,"156":0,"157":0,"158":0,"159":0,"160":0,"161":0,"162":0,"163":0,"164":4,"165":4,"166":4,"167":4,"168":4,"169":0,"170":0,"171":0,"172":0,"173":0,"174":0,"175":1,"176":1,"177":0,"178":1,"179":1,"180":1,"181":1,"182":1,"183":0,"184":1,"185":1,"186":1,"187":1,"188":1,"189":1,"190":17,"191":17,"192":1,"193":1},"b":{"1":[1,0],"2":[1,1],"3":[0,1],"4":[1,0],"5":[1,0],"6":[1,1],"7":[7,7],"8":[6,0],"9":[5,0],"10":[3,2],"11":[2,1],"12":[2,1],"13":[2,2],"14":[2,0],"15":[2,0],"16":[3,1],"17":[1,0],"18":[4,2],"19":[6,4],"20":[1,3],"21":[0,3],"22":[1,41],"23":[1,4],"24":[1,1],"25":[0,8],"26":[8,8,8],"27":[4,5],"28":[9,9,9,4],"29":[2,3],"30":[6,3],"31":[6,6],"32":[5,2],"33":[3,0],"34":[3,0,0],"35":[0,0],"36":[0,0],"37":[4,0],"38":[0,1],"39":[1,1],"40":[0,1],"41":[1,1],"42":[1,0],"43":[17,0]},"f":{"1":1,"2":1,"3":1,"4":7,"5":7,"6":0,"7":1,"8":1,"9":5,"10":5,"11":4,"12":1,"13":4,"14":7,"15":42,"16":5,"17":2,"18":4,"19":5,"20":5,"21":5,"22":1,"23":1,"24":1,"25":3,"26":0,"27":6,"28":5,"29":5,"30":4,"31":4,"32":3,"33":1,"34":0,"35":0,"36":0,"37":4,"38":4,"39":0,"40":1,"41":1},"fnMap":{"1":{"name":"(anonymous_1)","line":1,"loc":{"start":{"line":1,"column":1},"end":{"line":1,"column":28}}},"2":{"name":"(anonymous_2)","line":20,"loc":{"start":{"line":20,"column":76},"end":{"line":20,"column":94}}},"3":{"name":"Loader","line":24,"loc":{"start":{"line":24,"column":0},"end":{"line":24,"column":24}}},"4":{"name":"(anonymous_4)","line":31,"loc":{"start":{"line":31,"column":12},"end":{"line":31,"column":66}}},"5":{"name":"(anonymous_5)","line":34,"loc":{"start":{"line":34,"column":27},"end":{"line":34,"column":54}}},"6":{"name":"(anonymous_6)","line":53,"loc":{"start":{"line":53,"column":26},"end":{"line":53,"column":43}}},"7":{"name":"(anonymous_7)","line":60,"loc":{"start":{"line":60,"column":27},"end":{"line":60,"column":38}}},"8":{"name":"(anonymous_8)","line":64,"loc":{"start":{"line":64,"column":16},"end":{"line":64,"column":27}}},"9":{"name":"(anonymous_9)","line":68,"loc":{"start":{"line":68,"column":13},"end":{"line":68,"column":25}}},"10":{"name":"(anonymous_10)","line":105,"loc":{"start":{"line":105,"column":48},"end":{"line":105,"column":72}}},"11":{"name":"(anonymous_11)","line":107,"loc":{"start":{"line":107,"column":16},"end":{"line":107,"column":41}}},"12":{"name":"(anonymous_12)","line":114,"loc":{"start":{"line":114,"column":11},"end":{"line":114,"column":28}}},"13":{"name":"(anonymous_13)","line":123,"loc":{"start":{"line":123,"column":31},"end":{"line":123,"column":58}}},"14":{"name":"(anonymous_14)","line":137,"loc":{"start":{"line":137,"column":30},"end":{"line":137,"column":48}}},"15":{"name":"(anonymous_15)","line":171,"loc":{"start":{"line":171,"column":22},"end":{"line":171,"column":34}}},"16":{"name":"(anonymous_16)","line":180,"loc":{"start":{"line":180,"column":27},"end":{"line":180,"column":39}}},"17":{"name":"(anonymous_17)","line":188,"loc":{"start":{"line":188,"column":20},"end":{"line":188,"column":32}}},"18":{"name":"(anonymous_18)","line":197,"loc":{"start":{"line":197,"column":26},"end":{"line":197,"column":44}}},"19":{"name":"(anonymous_19)","line":216,"loc":{"start":{"line":216,"column":29},"end":{"line":216,"column":48}}},"20":{"name":"(anonymous_20)","line":235,"loc":{"start":{"line":235,"column":18},"end":{"line":235,"column":37}}},"21":{"name":"(anonymous_21)","line":238,"loc":{"start":{"line":238,"column":27},"end":{"line":238,"column":54}}},"22":{"name":"(anonymous_22)","line":256,"loc":{"start":{"line":256,"column":49},"end":{"line":256,"column":74}}},"23":{"name":"(anonymous_23)","line":261,"loc":{"start":{"line":261,"column":22},"end":{"line":261,"column":40}}},"24":{"name":"(anonymous_24)","line":266,"loc":{"start":{"line":266,"column":24},"end":{"line":266,"column":41}}},"25":{"name":"(anonymous_25)","line":273,"loc":{"start":{"line":273,"column":26},"end":{"line":273,"column":44}}},"26":{"name":"(anonymous_26)","line":278,"loc":{"start":{"line":278,"column":28},"end":{"line":278,"column":45}}},"27":{"name":"(anonymous_27)","line":285,"loc":{"start":{"line":285,"column":21},"end":{"line":285,"column":39}}},"28":{"name":"(anonymous_28)","line":334,"loc":{"start":{"line":334,"column":26},"end":{"line":334,"column":45}}},"29":{"name":"(anonymous_29)","line":337,"loc":{"start":{"line":337,"column":27},"end":{"line":337,"column":54}}},"30":{"name":"(anonymous_30)","line":358,"loc":{"start":{"line":358,"column":17},"end":{"line":358,"column":32}}},"31":{"name":"(anonymous_31)","line":359,"loc":{"start":{"line":359,"column":27},"end":{"line":359,"column":54}}},"32":{"name":"(anonymous_32)","line":368,"loc":{"start":{"line":368,"column":56},"end":{"line":368,"column":68}}},"33":{"name":"(anonymous_33)","line":378,"loc":{"start":{"line":378,"column":29},"end":{"line":378,"column":41}}},"34":{"name":"(anonymous_34)","line":388,"loc":{"start":{"line":388,"column":28},"end":{"line":388,"column":45}}},"35":{"name":"(anonymous_35)","line":391,"loc":{"start":{"line":391,"column":27},"end":{"line":391,"column":53}}},"36":{"name":"(anonymous_36)","line":396,"loc":{"start":{"line":396,"column":39},"end":{"line":396,"column":67}}},"37":{"name":"(anonymous_37)","line":412,"loc":{"start":{"line":412,"column":29},"end":{"line":412,"column":47}}},"38":{"name":"(anonymous_38)","line":415,"loc":{"start":{"line":415,"column":27},"end":{"line":415,"column":53}}},"39":{"name":"(anonymous_39)","line":430,"loc":{"start":{"line":430,"column":26},"end":{"line":430,"column":44}}},"40":{"name":"extend","line":439,"loc":{"start":{"line":439,"column":0},"end":{"line":439,"column":26}}},"41":{"name":"mix","line":467,"loc":{"start":{"line":467,"column":0},"end":{"line":467,"column":34}}}},"statementMap":{"1":{"start":{"line":1,"column":0},"end":{"line":481,"column":4}},"2":{"start":{"line":4,"column":4},"end":{"line":4,"column":32}},"3":{"start":{"line":7,"column":4},"end":{"line":9,"column":5}},"4":{"start":{"line":8,"column":8},"end":{"line":8,"column":31}},"5":{"start":{"line":12,"column":4},"end":{"line":14,"column":5},"skip":true},"6":{"start":{"line":13,"column":8},"end":{"line":13,"column":24},"skip":true},"7":{"start":{"line":17,"column":4},"end":{"line":17,"column":32}},"8":{"start":{"line":18,"column":4},"end":{"line":18,"column":63}},"9":{"start":{"line":19,"column":4},"end":{"line":19,"column":61}},"10":{"start":{"line":24,"column":0},"end":{"line":28,"column":1}},"11":{"start":{"line":25,"column":4},"end":{"line":25,"column":57}},"12":{"start":{"line":27,"column":4},"end":{"line":27,"column":47}},"13":{"start":{"line":30,"column":0},"end":{"line":436,"column":3}},"14":{"start":{"line":32,"column":8},"end":{"line":32,"column":24}},"15":{"start":{"line":34,"column":8},"end":{"line":57,"column":11}},"16":{"start":{"line":37,"column":12},"end":{"line":37,"column":38}},"17":{"start":{"line":39,"column":12},"end":{"line":39,"column":31}},"18":{"start":{"line":40,"column":12},"end":{"line":40,"column":47}},"19":{"start":{"line":41,"column":12},"end":{"line":41,"column":58}},"20":{"start":{"line":43,"column":12},"end":{"line":43,"column":68}},"21":{"start":{"line":45,"column":12},"end":{"line":45,"column":76}},"22":{"start":{"line":47,"column":12},"end":{"line":56,"column":13}},"23":{"start":{"line":48,"column":16},"end":{"line":48,"column":45}},"24":{"start":{"line":50,"column":16},"end":{"line":50,"column":32}},"25":{"start":{"line":52,"column":16},"end":{"line":55,"column":23}},"26":{"start":{"line":54,"column":24},"end":{"line":54,"column":53}},"27":{"start":{"line":61,"column":8},"end":{"line":61,"column":63}},"28":{"start":{"line":65,"column":8},"end":{"line":65,"column":52}},"29":{"start":{"line":69,"column":8},"end":{"line":69,"column":24}},"30":{"start":{"line":71,"column":8},"end":{"line":71,"column":28}},"31":{"start":{"line":72,"column":8},"end":{"line":72,"column":20}},"32":{"start":{"line":73,"column":8},"end":{"line":73,"column":28}},"33":{"start":{"line":79,"column":8},"end":{"line":79,"column":138}},"34":{"start":{"line":81,"column":8},"end":{"line":101,"column":9}},"35":{"start":{"line":82,"column":12},"end":{"line":82,"column":35}},"36":{"start":{"line":83,"column":12},"end":{"line":83,"column":87}},"37":{"start":{"line":84,"column":12},"end":{"line":84,"column":87}},"38":{"start":{"line":87,"column":12},"end":{"line":87,"column":25}},"39":{"start":{"line":89,"column":12},"end":{"line":100,"column":13}},"40":{"start":{"line":90,"column":16},"end":{"line":99,"column":17}},"41":{"start":{"line":91,"column":20},"end":{"line":91,"column":46}},"42":{"start":{"line":94,"column":23},"end":{"line":99,"column":17}},"43":{"start":{"line":95,"column":20},"end":{"line":95,"column":51}},"44":{"start":{"line":96,"column":20},"end":{"line":96,"column":97}},"45":{"start":{"line":98,"column":20},"end":{"line":98,"column":26}},"46":{"start":{"line":105,"column":8},"end":{"line":120,"column":11}},"47":{"start":{"line":106,"column":12},"end":{"line":106,"column":51}},"48":{"start":{"line":108,"column":12},"end":{"line":108,"column":80}},"49":{"start":{"line":111,"column":12},"end":{"line":113,"column":13}},"50":{"start":{"line":112,"column":16},"end":{"line":112,"column":78}},"51":{"start":{"line":116,"column":12},"end":{"line":119,"column":13}},"52":{"start":{"line":117,"column":16},"end":{"line":117,"column":61}},"53":{"start":{"line":124,"column":8},"end":{"line":124,"column":39}},"54":{"start":{"line":126,"column":8},"end":{"line":126,"column":59}},"55":{"start":{"line":128,"column":8},"end":{"line":132,"column":9}},"56":{"start":{"line":129,"column":12},"end":{"line":129,"column":61}},"57":{"start":{"line":131,"column":12},"end":{"line":131,"column":99}},"58":{"start":{"line":134,"column":8},"end":{"line":134,"column":37}},"59":{"start":{"line":138,"column":8},"end":{"line":138,"column":59}},"60":{"start":{"line":140,"column":8},"end":{"line":140,"column":25}},"61":{"start":{"line":142,"column":8},"end":{"line":142,"column":47}},"62":{"start":{"line":144,"column":8},"end":{"line":166,"column":9}},"63":{"start":{"line":145,"column":12},"end":{"line":145,"column":49}},"64":{"start":{"line":148,"column":12},"end":{"line":151,"column":13}},"65":{"start":{"line":149,"column":16},"end":{"line":149,"column":25}},"66":{"start":{"line":153,"column":12},"end":{"line":153,"column":59}},"67":{"start":{"line":155,"column":12},"end":{"line":157,"column":13}},"68":{"start":{"line":156,"column":16},"end":{"line":156,"column":85}},"69":{"start":{"line":159,"column":12},"end":{"line":159,"column":71}},"70":{"start":{"line":161,"column":12},"end":{"line":165,"column":13}},"71":{"start":{"line":162,"column":16},"end":{"line":162,"column":30}},"72":{"start":{"line":164,"column":16},"end":{"line":164,"column":22}},"73":{"start":{"line":168,"column":8},"end":{"line":168,"column":21}},"74":{"start":{"line":173,"column":8},"end":{"line":175,"column":9}},"75":{"start":{"line":174,"column":12},"end":{"line":174,"column":71}},"76":{"start":{"line":177,"column":8},"end":{"line":177,"column":34}},"77":{"start":{"line":181,"column":8},"end":{"line":183,"column":9}},"78":{"start":{"line":182,"column":12},"end":{"line":182,"column":92}},"79":{"start":{"line":185,"column":8},"end":{"line":185,"column":39}},"80":{"start":{"line":190,"column":8},"end":{"line":192,"column":9}},"81":{"start":{"line":191,"column":12},"end":{"line":191,"column":78}},"82":{"start":{"line":194,"column":8},"end":{"line":194,"column":32}},"83":{"start":{"line":198,"column":8},"end":{"line":198,"column":32}},"84":{"start":{"line":200,"column":8},"end":{"line":200,"column":69}},"85":{"start":{"line":202,"column":8},"end":{"line":211,"column":9}},"86":{"start":{"line":203,"column":12},"end":{"line":203,"column":65}},"87":{"start":{"line":206,"column":12},"end":{"line":210,"column":13}},"88":{"start":{"line":209,"column":16},"end":{"line":209,"column":48}},"89":{"start":{"line":213,"column":8},"end":{"line":213,"column":30}},"90":{"start":{"line":217,"column":8},"end":{"line":217,"column":32}},"91":{"start":{"line":219,"column":8},"end":{"line":219,"column":69}},"92":{"start":{"line":221,"column":8},"end":{"line":230,"column":9}},"93":{"start":{"line":222,"column":12},"end":{"line":222,"column":65}},"94":{"start":{"line":225,"column":12},"end":{"line":229,"column":13}},"95":{"start":{"line":228,"column":16},"end":{"line":228,"column":48}},"96":{"start":{"line":232,"column":8},"end":{"line":232,"column":30}},"97":{"start":{"line":236,"column":8},"end":{"line":236,"column":24}},"98":{"start":{"line":238,"column":8},"end":{"line":282,"column":11}},"99":{"start":{"line":240,"column":12},"end":{"line":240,"column":71}},"100":{"start":{"line":242,"column":12},"end":{"line":281,"column":13}},"101":{"start":{"line":244,"column":16},"end":{"line":244,"column":71}},"102":{"start":{"line":246,"column":16},"end":{"line":246,"column":40}},"103":{"start":{"line":249,"column":16},"end":{"line":251,"column":17}},"104":{"start":{"line":250,"column":20},"end":{"line":250,"column":67}},"105":{"start":{"line":256,"column":16},"end":{"line":268,"column":19}},"106":{"start":{"line":257,"column":20},"end":{"line":257,"column":65}},"107":{"start":{"line":262,"column":20},"end":{"line":262,"column":37}},"108":{"start":{"line":267,"column":20},"end":{"line":267,"column":34}},"109":{"start":{"line":272,"column":16},"end":{"line":280,"column":23}},"110":{"start":{"line":274,"column":24},"end":{"line":274,"column":41}},"111":{"start":{"line":279,"column":24},"end":{"line":279,"column":38}},"112":{"start":{"line":286,"column":8},"end":{"line":286,"column":43}},"113":{"start":{"line":288,"column":8},"end":{"line":288,"column":51}},"114":{"start":{"line":290,"column":8},"end":{"line":290,"column":48}},"115":{"start":{"line":293,"column":8},"end":{"line":293,"column":24}},"116":{"start":{"line":295,"column":8},"end":{"line":317,"column":9}},"117":{"start":{"line":296,"column":12},"end":{"line":296,"column":52}},"118":{"start":{"line":298,"column":12},"end":{"line":298,"column":21}},"119":{"start":{"line":303,"column":12},"end":{"line":316,"column":13}},"120":{"start":{"line":304,"column":16},"end":{"line":304,"column":33}},"121":{"start":{"line":306,"column":16},"end":{"line":306,"column":60}},"122":{"start":{"line":311,"column":16},"end":{"line":311,"column":59}},"123":{"start":{"line":313,"column":16},"end":{"line":313,"column":55}},"124":{"start":{"line":315,"column":16},"end":{"line":315,"column":53}},"125":{"start":{"line":319,"column":8},"end":{"line":319,"column":113}},"126":{"start":{"line":325,"column":8},"end":{"line":325,"column":54}},"127":{"start":{"line":327,"column":8},"end":{"line":327,"column":55}},"128":{"start":{"line":329,"column":8},"end":{"line":329,"column":39}},"129":{"start":{"line":331,"column":8},"end":{"line":331,"column":44}},"130":{"start":{"line":335,"column":8},"end":{"line":335,"column":24}},"131":{"start":{"line":337,"column":8},"end":{"line":355,"column":11}},"132":{"start":{"line":338,"column":12},"end":{"line":354,"column":13}},"133":{"start":{"line":339,"column":16},"end":{"line":339,"column":77}},"134":{"start":{"line":340,"column":16},"end":{"line":340,"column":38}},"135":{"start":{"line":343,"column":16},"end":{"line":347,"column":17}},"136":{"start":{"line":344,"column":20},"end":{"line":346,"column":21}},"137":{"start":{"line":345,"column":24},"end":{"line":345,"column":54}},"138":{"start":{"line":349,"column":16},"end":{"line":349,"column":98}},"139":{"start":{"line":351,"column":16},"end":{"line":351,"column":38}},"140":{"start":{"line":353,"column":16},"end":{"line":353,"column":30}},"141":{"start":{"line":359,"column":8},"end":{"line":385,"column":11}},"142":{"start":{"line":360,"column":12},"end":{"line":360,"column":58}},"143":{"start":{"line":362,"column":12},"end":{"line":362,"column":29}},"144":{"start":{"line":364,"column":12},"end":{"line":364,"column":29}},"145":{"start":{"line":368,"column":12},"end":{"line":375,"column":14}},"146":{"start":{"line":369,"column":16},"end":{"line":374,"column":17}},"147":{"start":{"line":371,"column":20},"end":{"line":371,"column":69}},"148":{"start":{"line":373,"column":20},"end":{"line":373,"column":36}},"149":{"start":{"line":378,"column":12},"end":{"line":382,"column":14}},"150":{"start":{"line":379,"column":16},"end":{"line":379,"column":50}},"151":{"start":{"line":381,"column":16},"end":{"line":381,"column":31}},"152":{"start":{"line":384,"column":12},"end":{"line":384,"column":46}},"153":{"start":{"line":389,"column":8},"end":{"line":389,"column":24}},"154":{"start":{"line":391,"column":8},"end":{"line":409,"column":11}},"155":{"start":{"line":392,"column":12},"end":{"line":408,"column":13}},"156":{"start":{"line":393,"column":16},"end":{"line":393,"column":32}},"157":{"start":{"line":396,"column":16},"end":{"line":405,"column":18}},"158":{"start":{"line":397,"column":20},"end":{"line":397,"column":29}},"159":{"start":{"line":398,"column":20},"end":{"line":398,"column":85}},"160":{"start":{"line":400,"column":20},"end":{"line":404,"column":21}},"161":{"start":{"line":401,"column":24},"end":{"line":401,"column":69}},"162":{"start":{"line":403,"column":24},"end":{"line":403,"column":40}},"163":{"start":{"line":407,"column":16},"end":{"line":407,"column":60}},"164":{"start":{"line":413,"column":8},"end":{"line":413,"column":24}},"165":{"start":{"line":415,"column":8},"end":{"line":434,"column":11}},"166":{"start":{"line":416,"column":12},"end":{"line":416,"column":68}},"167":{"start":{"line":418,"column":12},"end":{"line":433,"column":13}},"168":{"start":{"line":419,"column":16},"end":{"line":419,"column":33}},"169":{"start":{"line":421,"column":16},"end":{"line":421,"column":41}},"170":{"start":{"line":423,"column":16},"end":{"line":423,"column":77}},"171":{"start":{"line":425,"column":16},"end":{"line":427,"column":17}},"172":{"start":{"line":426,"column":20},"end":{"line":426,"column":101}},"173":{"start":{"line":429,"column":16},"end":{"line":432,"column":23}},"174":{"start":{"line":431,"column":24},"end":{"line":431,"column":41}},"175":{"start":{"line":439,"column":0},"end":{"line":465,"column":1}},"176":{"start":{"line":441,"column":4},"end":{"line":443,"column":5}},"177":{"start":{"line":442,"column":8},"end":{"line":442,"column":53},"skip":true},"178":{"start":{"line":445,"column":4},"end":{"line":446,"column":31}},"179":{"start":{"line":447,"column":4},"end":{"line":447,"column":21}},"180":{"start":{"line":449,"column":4},"end":{"line":449,"column":23}},"181":{"start":{"line":450,"column":4},"end":{"line":450,"column":22}},"182":{"start":{"line":454,"column":4},"end":{"line":456,"column":5}},"183":{"start":{"line":455,"column":8},"end":{"line":455,"column":27},"skip":true},"184":{"start":{"line":460,"column":4},"end":{"line":462,"column":5}},"185":{"start":{"line":461,"column":8},"end":{"line":461,"column":20}},"186":{"start":{"line":464,"column":4},"end":{"line":464,"column":13}},"187":{"start":{"line":467,"column":0},"end":{"line":478,"column":1}},"188":{"start":{"line":468,"column":4},"end":{"line":468,"column":57}},"189":{"start":{"line":470,"column":4},"end":{"line":475,"column":5}},"190":{"start":{"line":472,"column":8},"end":{"line":474,"column":9}},"191":{"start":{"line":473,"column":12},"end":{"line":473,"column":39}},"192":{"start":{"line":477,"column":4},"end":{"line":477,"column":23}},"193":{"start":{"line":480,"column":4},"end":{"line":480,"column":18}}},"branchMap":{"1":{"line":7,"type":"if","locations":[{"start":{"line":7,"column":4},"end":{"line":7,"column":4}},{"start":{"line":7,"column":4},"end":{"line":7,"column":4},"skip":true}]},"2":{"line":7,"type":"binary-expr","locations":[{"start":{"line":7,"column":8},"end":{"line":7,"column":34}},{"start":{"line":7,"column":38},"end":{"line":7,"column":44}}]},"3":{"line":12,"type":"if","locations":[{"start":{"line":12,"column":4},"end":{"line":12,"column":4},"skip":true},{"start":{"line":12,"column":4},"end":{"line":12,"column":4},"skip":true}]},"4":{"line":12,"type":"binary-expr","locations":[{"start":{"line":12,"column":8},"end":{"line":12,"column":36},"skip":true},{"start":{"line":12,"column":40},"end":{"line":12,"column":50},"skip":true}]},"5":{"line":20,"type":"cond-expr","locations":[{"start":{"line":20,"column":34},"end":{"line":20,"column":40}},{"start":{"line":20,"column":70},"end":{"line":20,"column":74},"skip":true}]},"6":{"line":27,"type":"binary-expr","locations":[{"start":{"line":27,"column":19},"end":{"line":27,"column":25}},{"start":{"line":27,"column":29},"end":{"line":27,"column":46}}]},"7":{"line":37,"type":"binary-expr","locations":[{"start":{"line":37,"column":25},"end":{"line":37,"column":31}},{"start":{"line":37,"column":35},"end":{"line":37,"column":37}}]},"8":{"line":47,"type":"if","locations":[{"start":{"line":47,"column":12},"end":{"line":47,"column":12}},{"start":{"line":47,"column":12},"end":{"line":47,"column":12}}]},"9":{"line":79,"type":"cond-expr","locations":[{"start":{"line":79,"column":42},"end":{"line":79,"column":69}},{"start":{"line":79,"column":72},"end":{"line":79,"column":137}}]},"10":{"line":81,"type":"if","locations":[{"start":{"line":81,"column":8},"end":{"line":81,"column":8}},{"start":{"line":81,"column":8},"end":{"line":81,"column":8}}]},"11":{"line":83,"type":"cond-expr","locations":[{"start":{"line":83,"column":67},"end":{"line":83,"column":79}},{"start":{"line":83,"column":82},"end":{"line":83,"column":86}}]},"12":{"line":84,"type":"cond-expr","locations":[{"start":{"line":84,"column":67},"end":{"line":84,"column":79}},{"start":{"line":84,"column":82},"end":{"line":84,"column":86}}]},"13":{"line":90,"type":"if","locations":[{"start":{"line":90,"column":16},"end":{"line":90,"column":16}},{"start":{"line":90,"column":16},"end":{"line":90,"column":16}}]},"14":{"line":94,"type":"if","locations":[{"start":{"line":94,"column":23},"end":{"line":94,"column":23}},{"start":{"line":94,"column":23},"end":{"line":94,"column":23},"skip":true}]},"15":{"line":96,"type":"cond-expr","locations":[{"start":{"line":96,"column":77},"end":{"line":96,"column":89}},{"start":{"line":96,"column":92},"end":{"line":96,"column":96}}]},"16":{"line":111,"type":"if","locations":[{"start":{"line":111,"column":12},"end":{"line":111,"column":12}},{"start":{"line":111,"column":12},"end":{"line":111,"column":12},"skip":true}]},"17":{"line":116,"type":"if","locations":[{"start":{"line":116,"column":12},"end":{"line":116,"column":12}},{"start":{"line":116,"column":12},"end":{"line":116,"column":12},"skip":true}]},"18":{"line":131,"type":"cond-expr","locations":[{"start":{"line":131,"column":56},"end":{"line":131,"column":85}},{"start":{"line":131,"column":88},"end":{"line":131,"column":97}}]},"19":{"line":148,"type":"if","locations":[{"start":{"line":148,"column":12},"end":{"line":148,"column":12}},{"start":{"line":148,"column":12},"end":{"line":148,"column":12},"skip":true}]},"20":{"line":155,"type":"if","locations":[{"start":{"line":155,"column":12},"end":{"line":155,"column":12}},{"start":{"line":155,"column":12},"end":{"line":155,"column":12}}]},"21":{"line":161,"type":"if","locations":[{"start":{"line":161,"column":12},"end":{"line":161,"column":12}},{"start":{"line":161,"column":12},"end":{"line":161,"column":12}}]},"22":{"line":173,"type":"if","locations":[{"start":{"line":173,"column":8},"end":{"line":173,"column":8}},{"start":{"line":173,"column":8},"end":{"line":173,"column":8},"skip":true}]},"23":{"line":181,"type":"if","locations":[{"start":{"line":181,"column":8},"end":{"line":181,"column":8}},{"start":{"line":181,"column":8},"end":{"line":181,"column":8}}]},"24":{"line":190,"type":"if","locations":[{"start":{"line":190,"column":8},"end":{"line":190,"column":8}},{"start":{"line":190,"column":8},"end":{"line":190,"column":8},"skip":true}]},"25":{"line":206,"type":"if","locations":[{"start":{"line":206,"column":12},"end":{"line":206,"column":12}},{"start":{"line":206,"column":12},"end":{"line":206,"column":12}}]},"26":{"line":206,"type":"binary-expr","locations":[{"start":{"line":206,"column":16},"end":{"line":206,"column":46}},{"start":{"line":207,"column":17},"end":{"line":207,"column":34}},{"start":{"line":207,"column":38},"end":{"line":207,"column":70}}]},"27":{"line":225,"type":"if","locations":[{"start":{"line":225,"column":12},"end":{"line":225,"column":12}},{"start":{"line":225,"column":12},"end":{"line":225,"column":12}}]},"28":{"line":225,"type":"binary-expr","locations":[{"start":{"line":225,"column":16},"end":{"line":225,"column":46}},{"start":{"line":226,"column":17},"end":{"line":226,"column":34}},{"start":{"line":226,"column":39},"end":{"line":226,"column":71}},{"start":{"line":226,"column":75},"end":{"line":226,"column":97}}]},"29":{"line":242,"type":"if","locations":[{"start":{"line":242,"column":12},"end":{"line":242,"column":12}},{"start":{"line":242,"column":12},"end":{"line":242,"column":12}}]},"30":{"line":303,"type":"if","locations":[{"start":{"line":303,"column":12},"end":{"line":303,"column":12}},{"start":{"line":303,"column":12},"end":{"line":303,"column":12}}]},"31":{"line":325,"type":"binary-expr","locations":[{"start":{"line":325,"column":32},"end":{"line":325,"column":38}},{"start":{"line":325,"column":42},"end":{"line":325,"column":53}}]},"32":{"line":344,"type":"if","locations":[{"start":{"line":344,"column":20},"end":{"line":344,"column":20}},{"start":{"line":344,"column":20},"end":{"line":344,"column":20}}]},"33":{"line":369,"type":"if","locations":[{"start":{"line":369,"column":16},"end":{"line":369,"column":16}},{"start":{"line":369,"column":16},"end":{"line":369,"column":16}}]},"34":{"line":369,"type":"binary-expr","locations":[{"start":{"line":369,"column":20},"end":{"line":369,"column":36}},{"start":{"line":369,"column":40},"end":{"line":369,"column":70}},{"start":{"line":369,"column":74},"end":{"line":369,"column":100}}]},"35":{"line":392,"type":"if","locations":[{"start":{"line":392,"column":12},"end":{"line":392,"column":12}},{"start":{"line":392,"column":12},"end":{"line":392,"column":12}}]},"36":{"line":400,"type":"if","locations":[{"start":{"line":400,"column":20},"end":{"line":400,"column":20}},{"start":{"line":400,"column":20},"end":{"line":400,"column":20}}]},"37":{"line":418,"type":"if","locations":[{"start":{"line":418,"column":12},"end":{"line":418,"column":12}},{"start":{"line":418,"column":12},"end":{"line":418,"column":12}}]},"38":{"line":441,"type":"if","locations":[{"start":{"line":441,"column":4},"end":{"line":441,"column":4},"skip":true},{"start":{"line":441,"column":4},"end":{"line":441,"column":4}}]},"39":{"line":441,"type":"binary-expr","locations":[{"start":{"line":441,"column":8},"end":{"line":441,"column":10}},{"start":{"line":441,"column":14},"end":{"line":441,"column":16}}]},"40":{"line":454,"type":"if","locations":[{"start":{"line":454,"column":4},"end":{"line":454,"column":4},"skip":true},{"start":{"line":454,"column":4},"end":{"line":454,"column":4}}]},"41":{"line":454,"type":"binary-expr","locations":[{"start":{"line":454,"column":8},"end":{"line":454,"column":19}},{"start":{"line":454,"column":23},"end":{"line":454,"column":69}}]},"42":{"line":460,"type":"if","locations":[{"start":{"line":460,"column":4},"end":{"line":460,"column":4}},{"start":{"line":460,"column":4},"end":{"line":460,"column":4},"skip":true}]},"43":{"line":472,"type":"if","locations":[{"start":{"line":472,"column":8},"end":{"line":472,"column":8}},{"start":{"line":472,"column":8},"end":{"line":472,"column":8},"skip":true}]}},"l":{"1":1,"4":1,"7":1,"8":1,"12":1,"13":1,"17":1,"18":1,"19":1,"24":1,"25":1,"27":1,"30":1,"32":7,"34":7,"37":7,"39":7,"40":7,"41":7,"43":7,"45":7,"47":6,"48":6,"50":6,"52":0,"54":0,"61":1,"65":1,"69":5,"71":5,"72":5,"73":5,"79":5,"81":5,"82":3,"83":3,"84":3,"87":2,"89":2,"90":4,"91":2,"94":2,"95":2,"96":2,"98":2,"105":5,"106":5,"108":4,"111":4,"112":3,"116":1,"117":1,"124":4,"126":4,"128":4,"129":6,"131":6,"134":4,"138":7,"140":7,"142":7,"144":7,"145":10,"148":10,"149":6,"153":4,"155":4,"156":1,"159":3,"161":3,"162":0,"164":0,"168":6,"173":42,"174":1,"177":42,"181":5,"182":1,"185":5,"190":2,"191":1,"194":2,"198":4,"200":4,"202":4,"203":8,"206":8,"209":0,"213":4,"217":5,"219":5,"221":5,"222":9,"225":9,"228":4,"232":5,"236":5,"238":5,"240":5,"242":5,"244":2,"246":2,"249":2,"250":4,"256":2,"257":1,"262":1,"267":1,"272":3,"274":3,"279":0,"286":6,"288":6,"290":6,"293":6,"295":6,"296":9,"298":9,"303":9,"304":6,"306":6,"311":3,"313":3,"315":3,"319":6,"325":6,"327":6,"329":6,"331":6,"335":5,"337":5,"338":5,"339":5,"340":5,"343":5,"344":7,"345":5,"349":5,"351":5,"353":0,"359":4,"360":4,"362":4,"364":4,"368":4,"369":3,"371":3,"373":3,"378":4,"379":1,"381":1,"384":4,"389":0,"391":0,"392":0,"393":0,"396":0,"397":0,"398":0,"400":0,"401":0,"403":0,"407":0,"413":4,"415":4,"416":4,"418":4,"419":4,"421":0,"423":0,"425":0,"426":0,"429":0,"431":0,"439":1,"441":1,"442":1,"445":1,"447":1,"449":1,"450":1,"454":1,"455":1,"460":1,"461":1,"464":1,"467":1,"468":1,"470":1,"472":17,"473":17,"477":1,"480":1}}}
