{"/Users/iliyan/projects/loader/src/js/config-parser.js":{"path":"/Users/iliyan/projects/loader/src/js/config-parser.js","s":{"1":1,"2":0,"3":0,"4":0,"5":0,"6":1,"7":0,"8":0,"9":0,"10":0,"11":0,"12":0,"13":0,"14":0,"15":0,"16":0,"17":0,"18":0,"19":0,"20":0,"21":0,"22":0,"23":0,"24":0,"25":0,"26":0,"27":0,"28":0,"29":0,"30":0,"31":0,"32":0,"33":0,"34":0,"35":0,"36":0,"37":0},"b":{"1":[0,0],"2":[0,0],"3":[0,0],"4":[0,0],"5":[0,0],"6":[0,0],"7":[0,0],"8":[0,0]},"f":{"1":0,"2":0,"3":0,"4":0,"5":0,"6":0,"7":0,"8":0,"9":0,"10":0,"11":0,"12":0,"13":0,"14":0},"fnMap":{"1":{"name":"ConfigParser","line":1,"loc":{"start":{"line":1,"column":-15},"end":{"line":1,"column":30}}},"2":{"name":"(anonymous_2)","line":13,"loc":{"start":{"line":13,"column":14},"end":{"line":13,"column":30}}},"3":{"name":"(anonymous_3)","line":20,"loc":{"start":{"line":20,"column":30},"end":{"line":20,"column":51}}},"4":{"name":"(anonymous_4)","line":29,"loc":{"start":{"line":29,"column":15},"end":{"line":29,"column":32}}},"5":{"name":"(anonymous_5)","line":35,"loc":{"start":{"line":35,"column":27},"end":{"line":35,"column":38}}},"6":{"name":"(anonymous_6)","line":39,"loc":{"start":{"line":39,"column":15},"end":{"line":39,"column":26}}},"7":{"name":"(anonymous_7)","line":43,"loc":{"start":{"line":43,"column":16},"end":{"line":43,"column":27}}},"8":{"name":"(anonymous_8)","line":47,"loc":{"start":{"line":47,"column":18},"end":{"line":47,"column":35}}},"9":{"name":"(anonymous_9)","line":48,"loc":{"start":{"line":48,"column":31},"end":{"line":48,"column":52}}},"10":{"name":"(anonymous_10)","line":59,"loc":{"start":{"line":59,"column":18},"end":{"line":59,"column":35}}},"11":{"name":"(anonymous_11)","line":60,"loc":{"start":{"line":60,"column":31},"end":{"line":60,"column":52}}},"12":{"name":"(anonymous_12)","line":67,"loc":{"start":{"line":67,"column":19},"end":{"line":67,"column":48}}},"13":{"name":"(anonymous_13)","line":70,"loc":{"start":{"line":70,"column":32},"end":{"line":70,"column":54}}},"14":{"name":"(anonymous_14)","line":78,"loc":{"start":{"line":78,"column":32},"end":{"line":78,"column":49}}}},"statementMap":{"1":{"start":{"line":1,"column":-15},"end":{"line":8,"column":1}},"2":{"start":{"line":2,"column":4},"end":{"line":2,"column":35}},"3":{"start":{"line":4,"column":4},"end":{"line":4,"column":23}},"4":{"start":{"line":5,"column":4},"end":{"line":5,"column":34}},"5":{"start":{"line":7,"column":4},"end":{"line":7,"column":30}},"6":{"start":{"line":10,"column":0},"end":{"line":90,"column":2}},"7":{"start":{"line":14,"column":8},"end":{"line":14,"column":50}},"8":{"start":{"line":16,"column":8},"end":{"line":18,"column":9}},"9":{"start":{"line":17,"column":12},"end":{"line":17,"column":55}},"10":{"start":{"line":20,"column":8},"end":{"line":26,"column":17}},"11":{"start":{"line":21,"column":12},"end":{"line":25,"column":13}},"12":{"start":{"line":22,"column":16},"end":{"line":22,"column":54}},"13":{"start":{"line":24,"column":16},"end":{"line":24,"column":40}},"14":{"start":{"line":30,"column":8},"end":{"line":30,"column":44}},"15":{"start":{"line":32,"column":8},"end":{"line":32,"column":48}},"16":{"start":{"line":36,"column":8},"end":{"line":36,"column":40}},"17":{"start":{"line":40,"column":8},"end":{"line":40,"column":28}},"18":{"start":{"line":44,"column":8},"end":{"line":44,"column":29}},"19":{"start":{"line":48,"column":8},"end":{"line":56,"column":17}},"20":{"start":{"line":49,"column":12},"end":{"line":55,"column":13}},"21":{"start":{"line":50,"column":16},"end":{"line":50,"column":41}},"22":{"start":{"line":51,"column":19},"end":{"line":55,"column":13}},"23":{"start":{"line":52,"column":16},"end":{"line":52,"column":42}},"24":{"start":{"line":54,"column":16},"end":{"line":54,"column":53}},"25":{"start":{"line":60,"column":8},"end":{"line":64,"column":17}},"26":{"start":{"line":61,"column":12},"end":{"line":61,"column":29}},"27":{"start":{"line":63,"column":12},"end":{"line":63,"column":33}},"28":{"start":{"line":68,"column":8},"end":{"line":68,"column":43}},"29":{"start":{"line":70,"column":8},"end":{"line":75,"column":17}},"30":{"start":{"line":71,"column":12},"end":{"line":71,"column":53}},"31":{"start":{"line":72,"column":12},"end":{"line":72,"column":30}},"32":{"start":{"line":74,"column":12},"end":{"line":74,"column":35}},"33":{"start":{"line":80,"column":8},"end":{"line":88,"column":9}},"34":{"start":{"line":81,"column":12},"end":{"line":81,"column":85}},"35":{"start":{"line":83,"column":12},"end":{"line":85,"column":13}},"36":{"start":{"line":84,"column":16},"end":{"line":84,"column":90}},"37":{"start":{"line":87,"column":12},"end":{"line":87,"column":46}}},"branchMap":{"1":{"line":16,"type":"if","locations":[{"start":{"line":16,"column":8},"end":{"line":16,"column":8}},{"start":{"line":16,"column":8},"end":{"line":16,"column":8}}]},"2":{"line":21,"type":"if","locations":[{"start":{"line":21,"column":12},"end":{"line":21,"column":12}},{"start":{"line":21,"column":12},"end":{"line":21,"column":12}}]},"3":{"line":49,"type":"if","locations":[{"start":{"line":49,"column":12},"end":{"line":49,"column":12}},{"start":{"line":49,"column":12},"end":{"line":49,"column":12}}]},"4":{"line":51,"type":"if","locations":[{"start":{"line":51,"column":19},"end":{"line":51,"column":19}},{"start":{"line":51,"column":19},"end":{"line":51,"column":19}}]},"5":{"line":68,"type":"binary-expr","locations":[{"start":{"line":68,"column":20},"end":{"line":68,"column":29}},{"start":{"line":68,"column":33},"end":{"line":68,"column":42}}]},"6":{"line":71,"type":"binary-expr","locations":[{"start":{"line":71,"column":27},"end":{"line":71,"column":39}},{"start":{"line":71,"column":43},"end":{"line":71,"column":52}}]},"7":{"line":80,"type":"if","locations":[{"start":{"line":80,"column":8},"end":{"line":80,"column":8}},{"start":{"line":80,"column":8},"end":{"line":80,"column":8}}]},"8":{"line":83,"type":"if","locations":[{"start":{"line":83,"column":12},"end":{"line":83,"column":12}},{"start":{"line":83,"column":12},"end":{"line":83,"column":12}}]}}}}