TN:
SF:/Users/iliyan/projects/loader/dist/source/path-resolver.js
FN:1,(anonymous_1)
FN:17,(anonymous_2)
FN:21,PathResolver
FN:26,(anonymous_4)
FNF:4
FNH:4
FNDA:1,(anonymous_1)
FNDA:1,(anonymous_2)
FNDA:11,PathResolver
FNDA:90,(anonymous_4)
DA:1,1
DA:4,1
DA:7,1
DA:8,1
DA:12,1
DA:13,1
DA:16,1
DA:21,1
DA:23,1
DA:27,90
DA:28,15
DA:32,75
DA:34,75
DA:37,75
DA:39,75
DA:41,75
DA:42,19
DA:44,19
DA:45,6
DA:47,13
DA:48,11
DA:49,10
DA:52,1
DA:54,1
DA:58,2
DA:62,75
DA:64,75
DA:68,1
LF:28
LH:28
BRDA:7,1,0,1
BRDA:7,1,1,0
BRDA:7,2,0,1
BRDA:7,2,1,1
BRDA:12,3,0,0
BRDA:12,3,1,1
BRDA:12,4,0,1
BRDA:12,4,1,0
BRDA:17,5,0,1
BRDA:17,5,1,0
BRDA:27,6,0,15
BRDA:27,6,1,75
BRDA:44,7,0,6
BRDA:44,7,1,13
BRDA:47,8,0,11
BRDA:47,8,1,2
BRDA:48,9,0,10
BRDA:48,9,1,1
BRF:18
BRH:18
end_of_record
TN:
SF:/Users/iliyan/projects/loader/dist/source/event-emitter.js
FN:1,(anonymous_1)
FN:17,(anonymous_2)
FN:21,EventEmitter
FN:28,(anonymous_4)
FN:34,(anonymous_5)
FN:50,(anonymous_6)
FNF:6
FNH:6
FNDA:1,(anonymous_1)
FNDA:1,(anonymous_2)
FNDA:6,EventEmitter
FNDA:7,(anonymous_4)
FNDA:4,(anonymous_5)
FNDA:12,(anonymous_6)
DA:1,1
DA:4,1
DA:7,1
DA:8,1
DA:12,1
DA:13,1
DA:16,1
DA:21,1
DA:22,6
DA:25,1
DA:29,7
DA:31,7
DA:35,4
DA:37,4
DA:38,3
DA:40,3
DA:41,2
DA:43,1
DA:46,1
DA:51,12
DA:53,12
DA:54,5
DA:55,4
DA:57,4
DA:60,7
DA:65,1
LF:26
LH:26
BRDA:7,1,0,1
BRDA:7,1,1,0
BRDA:7,2,0,1
BRDA:7,2,1,1
BRDA:12,3,0,0
BRDA:12,3,1,1
BRDA:12,4,0,1
BRDA:12,4,1,0
BRDA:17,5,0,1
BRDA:17,5,1,0
BRDA:29,6,0,7
BRDA:29,6,1,5
BRDA:37,7,0,3
BRDA:37,7,1,1
BRDA:40,8,0,2
BRDA:40,8,1,1
BRDA:53,9,0,5
BRDA:53,9,1,7
BRF:18
BRH:18
end_of_record
TN:
SF:/Users/iliyan/projects/loader/dist/source/config-parser.js
FN:1,(anonymous_1)
FN:17,(anonymous_2)
FN:23,ConfigParser
FN:34,(anonymous_4)
FN:42,(anonymous_5)
FN:46,(anonymous_6)
FN:50,(anonymous_7)
FN:54,(anonymous_8)
FN:64,(anonymous_9)
FN:72,(anonymous_10)
FN:85,(anonymous_11)
FN:98,(anonymous_12)
FNF:12
FNH:12
FNDA:1,(anonymous_1)
FNDA:1,(anonymous_2)
FNDA:10,ConfigParser
FNDA:56,(anonymous_4)
FNDA:5,(anonymous_5)
FNDA:49,(anonymous_6)
FNDA:107,(anonymous_7)
FNDA:63,(anonymous_8)
FNDA:80,(anonymous_9)
FNDA:10,(anonymous_10)
FNDA:5,(anonymous_11)
FNDA:56,(anonymous_12)
DA:1,1
DA:4,1
DA:7,1
DA:8,1
DA:12,1
DA:13,1
DA:16,1
DA:21,1
DA:23,1
DA:24,10
DA:25,10
DA:26,10
DA:28,10
DA:31,1
DA:35,56
DA:37,56
DA:39,56
DA:43,5
DA:47,49
DA:51,107
DA:55,63
DA:57,63
DA:58,80
DA:60,80
DA:65,80
DA:66,8
DA:69,80
DA:73,10
DA:75,19
DA:76,19
DA:77,5
DA:79,14
DA:86,5
DA:88,42
DA:89,42
DA:91,42
DA:93,42
DA:100,56
DA:101,13
DA:103,13
DA:104,10
DA:107,13
DA:112,1
LF:43
LH:43
BRDA:7,1,0,1
BRDA:7,1,1,0
BRDA:7,2,0,1
BRDA:7,2,1,1
BRDA:12,3,0,0
BRDA:12,3,1,1
BRDA:12,4,0,1
BRDA:12,4,1,0
BRDA:17,5,0,1
BRDA:17,5,1,0
BRDA:65,6,0,8
BRDA:65,6,1,72
BRDA:75,7,0,19
BRDA:75,7,1,0
BRDA:76,8,0,5
BRDA:76,8,1,14
BRDA:88,9,0,42
BRDA:88,9,1,0
BRDA:100,10,0,13
BRDA:100,10,1,43
BRDA:103,11,0,10
BRDA:103,11,1,3
BRF:22
BRH:22
end_of_record
TN:
SF:/Users/iliyan/projects/loader/dist/source/dependency-builder.js
FN:1,(anonymous_1)
FN:17,(anonymous_2)
FN:23,DependencyBuilder
FN:32,(anonymous_4)
FN:53,(anonymous_5)
FN:73,(anonymous_6)
FN:94,(anonymous_7)
FN:108,(anonymous_8)
FN:116,(anonymous_9)
FNF:9
FNH:9
FNDA:1,(anonymous_1)
FNDA:1,(anonymous_2)
FNDA:9,DependencyBuilder
FNDA:12,(anonymous_4)
FNDA:12,(anonymous_5)
FNDA:47,(anonymous_6)
FNDA:12,(anonymous_7)
FNDA:6,(anonymous_8)
FNDA:49,(anonymous_9)
DA:1,1
DA:4,1
DA:7,1
DA:8,1
DA:12,1
DA:13,1
DA:16,1
DA:21,1
DA:23,1
DA:24,9
DA:26,9
DA:29,1
DA:35,12
DA:37,12
DA:39,12
DA:40,12
DA:44,10
DA:47,12
DA:50,10
DA:54,12
DA:58,12
DA:60,84
DA:61,84
DA:63,84
DA:64,84
DA:65,84
DA:69,12
DA:70,12
DA:74,47
DA:78,47
DA:79,5
DA:81,5
DA:82,6
DA:84,6
DA:86,4
DA:90,5
DA:97,12
DA:99,12
DA:100,17
DA:102,17
DA:103,16
DA:109,6
DA:110,1
DA:112,5
DA:119,49
DA:120,2
DA:124,47
DA:126,47
DA:127,37
DA:129,37
DA:131,37
DA:132,39
DA:134,39
DA:135,6
DA:138,33
DA:140,33
DA:143,33
DA:145,33
DA:147,33
DA:152,1
LF:60
LH:60
BRDA:7,1,0,1
BRDA:7,1,1,0
BRDA:7,2,0,1
BRDA:7,2,1,1
BRDA:12,3,0,0
BRDA:12,3,1,1
BRDA:12,4,0,1
BRDA:12,4,1,0
BRDA:17,5,0,1
BRDA:17,5,1,0
BRDA:60,6,0,84
BRDA:60,6,1,0
BRDA:78,7,0,5
BRDA:78,7,1,42
BRDA:78,8,0,47
BRDA:78,8,1,6
BRDA:84,9,0,4
BRDA:84,9,1,2
BRDA:84,10,0,6
BRDA:84,10,1,6
BRDA:102,11,0,16
BRDA:102,11,1,1
BRDA:109,12,0,1
BRDA:109,12,1,5
BRDA:119,13,0,2
BRDA:119,13,1,47
BRDA:126,14,0,37
BRDA:126,14,1,10
BRDA:134,15,0,6
BRDA:134,15,1,33
BRF:30
BRH:30
end_of_record
TN:
SF:/Users/iliyan/projects/loader/dist/source/url-builder.js
FN:1,(anonymous_1)
FN:17,(anonymous_2)
FN:21,URLBuilder
FN:28,(anonymous_4)
FN:72,(anonymous_5)
FNF:5
FNH:5
FNDA:1,(anonymous_1)
FNDA:1,(anonymous_2)
FNDA:4,URLBuilder
FNDA:5,(anonymous_4)
FNDA:7,(anonymous_5)
DA:1,1
DA:4,1
DA:7,1
DA:8,1
DA:12,1
DA:13,1
DA:16,1
DA:21,1
DA:22,4
DA:25,1
DA:29,5
DA:30,5
DA:32,5
DA:33,5
DA:35,5
DA:38,5
DA:39,3
DA:42,5
DA:43,8
DA:46,8
DA:47,1
DA:50,7
DA:51,6
DA:56,1
DA:59,8
DA:63,5
DA:64,1
DA:66,1
DA:69,5
DA:73,7
DA:74,2
DA:76,5
DA:77,4
DA:80,1
DA:85,1
LF:35
LH:35
BRDA:7,1,0,1
BRDA:7,1,1,0
BRDA:7,2,0,1
BRDA:7,2,1,1
BRDA:12,3,0,0
BRDA:12,3,1,1
BRDA:12,4,0,1
BRDA:12,4,1,0
BRDA:17,5,0,1
BRDA:17,5,1,0
BRDA:38,6,0,3
BRDA:38,6,1,2
BRDA:46,7,0,1
BRDA:46,7,1,7
BRDA:50,8,0,6
BRDA:50,8,1,1
BRDA:63,9,0,1
BRDA:63,9,1,4
BRDA:73,10,0,2
BRDA:73,10,1,5
BRDA:76,11,0,4
BRDA:76,11,1,1
BRF:22
BRH:22
end_of_record
TN:
SF:/Users/iliyan/projects/loader/dist/source/script-loader.js
FN:1,(anonymous_1)
FN:20,(anonymous_2)
FN:24,Loader
FN:31,(anonymous_4)
FN:34,(anonymous_5)
FN:53,(anonymous_6)
FN:60,(anonymous_7)
FN:64,(anonymous_8)
FN:68,(anonymous_9)
FN:105,(anonymous_10)
FN:107,(anonymous_11)
FN:114,(anonymous_12)
FN:123,(anonymous_13)
FN:137,(anonymous_14)
FN:171,(anonymous_15)
FN:180,(anonymous_16)
FN:188,(anonymous_17)
FN:197,(anonymous_18)
FN:216,(anonymous_19)
FN:235,(anonymous_20)
FN:238,(anonymous_21)
FN:256,(anonymous_22)
FN:261,(anonymous_23)
FN:266,(anonymous_24)
FN:273,(anonymous_25)
FN:278,(anonymous_26)
FN:285,(anonymous_27)
FN:334,(anonymous_28)
FN:337,(anonymous_29)
FN:358,(anonymous_30)
FN:359,(anonymous_31)
FN:368,(anonymous_32)
FN:378,(anonymous_33)
FN:388,(anonymous_34)
FN:391,(anonymous_35)
FN:396,(anonymous_36)
FN:412,(anonymous_37)
FN:415,(anonymous_38)
FN:430,(anonymous_39)
FN:439,extend
FN:467,mix
FNF:41
FNH:35
FNDA:1,(anonymous_1)
FNDA:1,(anonymous_2)
FNDA:1,Loader
FNDA:7,(anonymous_4)
FNDA:7,(anonymous_5)
FNDA:0,(anonymous_6)
FNDA:1,(anonymous_7)
FNDA:1,(anonymous_8)
FNDA:5,(anonymous_9)
FNDA:5,(anonymous_10)
FNDA:4,(anonymous_11)
FNDA:1,(anonymous_12)
FNDA:4,(anonymous_13)
FNDA:7,(anonymous_14)
FNDA:42,(anonymous_15)
FNDA:5,(anonymous_16)
FNDA:2,(anonymous_17)
FNDA:4,(anonymous_18)
FNDA:5,(anonymous_19)
FNDA:5,(anonymous_20)
FNDA:5,(anonymous_21)
FNDA:1,(anonymous_22)
FNDA:1,(anonymous_23)
FNDA:1,(anonymous_24)
FNDA:3,(anonymous_25)
FNDA:0,(anonymous_26)
FNDA:6,(anonymous_27)
FNDA:5,(anonymous_28)
FNDA:5,(anonymous_29)
FNDA:4,(anonymous_30)
FNDA:4,(anonymous_31)
FNDA:3,(anonymous_32)
FNDA:1,(anonymous_33)
FNDA:0,(anonymous_34)
FNDA:0,(anonymous_35)
FNDA:0,(anonymous_36)
FNDA:4,(anonymous_37)
FNDA:4,(anonymous_38)
FNDA:0,(anonymous_39)
FNDA:1,extend
FNDA:1,mix
DA:1,1
DA:4,1
DA:7,1
DA:8,1
DA:12,1
DA:13,1
DA:17,1
DA:18,1
DA:19,1
DA:24,1
DA:25,1
DA:27,1
DA:30,1
DA:32,7
DA:34,7
DA:37,7
DA:39,7
DA:40,7
DA:41,7
DA:43,7
DA:45,7
DA:47,6
DA:48,6
DA:50,6
DA:52,0
DA:54,0
DA:61,1
DA:65,1
DA:69,5
DA:71,5
DA:72,5
DA:73,5
DA:79,5
DA:81,5
DA:82,3
DA:83,3
DA:84,3
DA:87,2
DA:89,2
DA:90,4
DA:91,2
DA:94,2
DA:95,2
DA:96,2
DA:98,2
DA:105,5
DA:106,5
DA:108,4
DA:111,4
DA:112,3
DA:116,1
DA:117,1
DA:124,4
DA:126,4
DA:128,4
DA:129,6
DA:131,6
DA:134,4
DA:138,7
DA:140,7
DA:142,7
DA:144,7
DA:145,10
DA:148,10
DA:149,6
DA:153,4
DA:155,4
DA:156,1
DA:159,3
DA:161,3
DA:162,0
DA:164,0
DA:168,6
DA:173,42
DA:174,1
DA:177,42
DA:181,5
DA:182,1
DA:185,5
DA:190,2
DA:191,1
DA:194,2
DA:198,4
DA:200,4
DA:202,4
DA:203,8
DA:206,8
DA:209,0
DA:213,4
DA:217,5
DA:219,5
DA:221,5
DA:222,9
DA:225,9
DA:228,4
DA:232,5
DA:236,5
DA:238,5
DA:240,5
DA:242,5
DA:244,2
DA:246,2
DA:249,2
DA:250,4
DA:256,2
DA:257,1
DA:262,1
DA:267,1
DA:272,3
DA:274,3
DA:279,0
DA:286,6
DA:288,6
DA:290,6
DA:293,6
DA:295,6
DA:296,9
DA:298,9
DA:303,9
DA:304,6
DA:306,6
DA:311,3
DA:313,3
DA:315,3
DA:319,6
DA:325,6
DA:327,6
DA:329,6
DA:331,6
DA:335,5
DA:337,5
DA:338,5
DA:339,5
DA:340,5
DA:343,5
DA:344,7
DA:345,5
DA:349,5
DA:351,5
DA:353,0
DA:359,4
DA:360,4
DA:362,4
DA:364,4
DA:368,4
DA:369,3
DA:371,3
DA:373,3
DA:378,4
DA:379,1
DA:381,1
DA:384,4
DA:389,0
DA:391,0
DA:392,0
DA:393,0
DA:396,0
DA:397,0
DA:398,0
DA:400,0
DA:401,0
DA:403,0
DA:407,0
DA:413,4
DA:415,4
DA:416,4
DA:418,4
DA:419,4
DA:421,0
DA:423,0
DA:425,0
DA:426,0
DA:429,0
DA:431,0
DA:439,1
DA:441,1
DA:442,1
DA:445,1
DA:447,1
DA:449,1
DA:450,1
DA:454,1
DA:455,1
DA:460,1
DA:461,1
DA:464,1
DA:467,1
DA:468,1
DA:470,1
DA:472,17
DA:473,17
DA:477,1
DA:480,1
LF:193
LH:169
BRDA:7,1,0,1
BRDA:7,1,1,0
BRDA:7,2,0,1
BRDA:7,2,1,1
BRDA:12,3,0,0
BRDA:12,3,1,1
BRDA:12,4,0,1
BRDA:12,4,1,0
BRDA:20,5,0,1
BRDA:20,5,1,0
BRDA:27,6,0,1
BRDA:27,6,1,1
BRDA:37,7,0,7
BRDA:37,7,1,7
BRDA:47,8,0,6
BRDA:47,8,1,0
BRDA:79,9,0,5
BRDA:79,9,1,0
BRDA:81,10,0,3
BRDA:81,10,1,2
BRDA:83,11,0,2
BRDA:83,11,1,1
BRDA:84,12,0,2
BRDA:84,12,1,1
BRDA:90,13,0,2
BRDA:90,13,1,2
BRDA:94,14,0,2
BRDA:94,14,1,0
BRDA:96,15,0,2
BRDA:96,15,1,0
BRDA:111,16,0,3
BRDA:111,16,1,1
BRDA:116,17,0,1
BRDA:116,17,1,0
BRDA:131,18,0,4
BRDA:131,18,1,2
BRDA:148,19,0,6
BRDA:148,19,1,4
BRDA:155,20,0,1
BRDA:155,20,1,3
BRDA:161,21,0,0
BRDA:161,21,1,3
BRDA:173,22,0,1
BRDA:173,22,1,41
BRDA:181,23,0,1
BRDA:181,23,1,4
BRDA:190,24,0,1
BRDA:190,24,1,1
BRDA:206,25,0,0
BRDA:206,25,1,8
BRDA:206,26,0,8
BRDA:206,26,1,8
BRDA:206,26,2,8
BRDA:225,27,0,4
BRDA:225,27,1,5
BRDA:225,28,0,9
BRDA:225,28,1,9
BRDA:225,28,2,9
BRDA:225,28,3,4
BRDA:242,29,0,2
BRDA:242,29,1,3
BRDA:303,30,0,6
BRDA:303,30,1,3
BRDA:325,31,0,6
BRDA:325,31,1,6
BRDA:344,32,0,5
BRDA:344,32,1,2
BRDA:369,33,0,3
BRDA:369,33,1,0
BRDA:369,34,0,3
BRDA:369,34,1,0
BRDA:369,34,2,0
BRDA:392,35,0,0
BRDA:392,35,1,0
BRDA:400,36,0,0
BRDA:400,36,1,0
BRDA:418,37,0,4
BRDA:418,37,1,0
BRDA:441,38,0,0
BRDA:441,38,1,1
BRDA:441,39,0,1
BRDA:441,39,1,1
BRDA:454,40,0,0
BRDA:454,40,1,1
BRDA:454,41,0,1
BRDA:454,41,1,1
BRDA:460,42,0,1
BRDA:460,42,1,0
BRDA:472,43,0,17
BRDA:472,43,1,0
BRF:90
BRH:77
end_of_record
